

processing file: analysis.qmd
1/15                               
2/15 [setup]                       
3/15                               
4/15 [tbl-models]                  
5/15                               
6/15 [fig-combined]                
7/15                               
8/15 [setup-closeness-interactions]
9/15                               
10/15 [fig-closeness-interactions]  
11/15                               
12/15 [tbl-descriptives]            
13/15                               
14/15 [tbl-robustness-models]       
15/15                               
output file: analysis.knit.md

pandoc 
  to: html
  output-file: analysis.html
  standalone: true
  section-divs: true
  html-math-method: mathjax
  wrap: none
  default-image-extension: png
  toc: true
  variables: {}
  
metadata
  document-css: false
  link-citations: true
  date-format: long
  lang: en
  engines:
    - path: /usr/share/positron/resources/app/quarto/share/extension-subtrees/julia-engine/_extensions/julia-engine/julia-engine.js
  title: Cultural Matching Analysis
  author: Omar Lizardo et al.
  date: today
  bibliography:
    - manuscript_citations.bib
  theme: cosmo
  


processing file: analysis.qmd
1/15                               
2/15 [setup]                       
3/15                               
4/15 [tbl-models]                  
5/15                               
6/15 [fig-combined]                
7/15                               
8/15 [setup-closeness-interactions]
9/15                               
10/15 [fig-closeness-interactions]  
11/15                               
12/15 [tbl-descriptives]            
13/15                               
14/15 [tbl-robustness-models]       
15/15                               
output file: analysis.knit.md

pandoc 
  to: latex
  output-file: analysis.tex
  standalone: true
  pdf-engine: lualatex
  variables:
    graphics: true
    tables: true
  default-image-extension: pdf
  toc: true
  
metadata
  documentclass: scrartcl
  classoption:
    - DIV=11
    - numbers=noendperiod
  papersize: letter
  header-includes:
    - \KOMAoption{captions}{tableheading}
  block-headings: true
  engines:
    - path: /usr/share/positron/resources/app/quarto/share/extension-subtrees/julia-engine/_extensions/julia-engine/julia-engine.js
  title: Cultural Matching Analysis
  author: Omar Lizardo et al.
  date: today
  bibliography:
    - manuscript_citations.bib
  
[33mWARNING (/usr/share/positron/resources/app/quarto/share/filters/main.lua:23611) FloatRefTarget with no content: tbl-models
[39m[33mWARNING (/usr/share/positron/resources/app/quarto/share/filters/main.lua:23611) FloatRefTarget with no content: tbl-descriptives
[39m[33mWARNING (/usr/share/positron/resources/app/quarto/share/filters/main.lua:23611) FloatRefTarget with no content: tbl-robustness-models
[39m
Rendering PDF
running lualatex - 1
  This is LuaHBTeX, Version 1.24.0 (TeX Live 2026) 
   restricted system commands enabled.
  
running lualatex - 2
  This is LuaHBTeX, Version 1.24.0 (TeX Live 2026) 
   restricted system commands enabled.
  
running lualatex - 3
  This is LuaHBTeX, Version 1.24.0 (TeX Live 2026) 
   restricted system commands enabled.
  

Output created: analysis.html

